<?xml version="1.0" encoding="UTF-8"?>
<testsuite xmlns:xsi="http://www.w3.org/2001/XMLSchema-instance" xsi:noNamespaceSchemaLocation="https://maven.apache.org/surefire/maven-surefire-plugin/xsd/surefire-test-report.xsd" name="com.glints.librarymanagement.LibrarymanagementApplicationTests" time="0.984" tests="1" errors="1" skipped="0" failures="0">
  <properties>
[...]
</properties>
  <testcase name="com.glints.librarymanagement.LibrarymanagementApplicationTests" classname="com.glints.librarymanagement.LibrarymanagementApplicationTests" time="0.983">
    <error message="Unable to find a @SpringBootConfiguration, you need to use @ContextConfiguration or @SpringBootTest(classes=...) with your test" type="java.lang.IllegalStateException">java.lang.IllegalStateException: Unable to find a @SpringBootConfiguration, you need to use @ContextConfiguration or @SpringBootTest(classes=...) with your test
</error>
    <system-out><![CDATA[02:48:02.957 [main] DEBUG org.springframework.test.context.BootstrapUtils - Instantiating CacheAwareContextLoaderDelegate from class [org.springframework.test.context.cache.DefaultCacheAwareContextLoaderDelegate]
02:48:03.083 [main] DEBUG org.springframework.test.context.BootstrapUtils - Instantiating BootstrapContext using constructor [public org.springframework.test.context.support.DefaultBootstrapContext(java.lang.Class,org.springframework.test.context.CacheAwareContextLoaderDelegate)]
02:48:03.177 [main] DEBUG org.springframework.test.context.BootstrapUtils - Instantiating TestContextBootstrapper for test class [com.glints.librarymanagement.LibrarymanagementApplicationTests] from class [org.springframework.boot.test.context.SpringBootTestContextBootstrapper]
02:48:03.243 [main] INFO org.springframework.boot.test.context.SpringBootTestContextBootstrapper - Neither @ContextConfiguration nor @ContextHierarchy found for test class [com.glints.librarymanagement.LibrarymanagementApplicationTests], using SpringBootContextLoader
02:48:03.246 [main] DEBUG org.springframework.test.context.support.AbstractContextLoader - Did not detect default resource location for test class [com.glints.librarymanagement.LibrarymanagementApplicationTests]: class path resource [com/glints/librarymanagement/LibrarymanagementApplicationTests-context.xml] does not exist
02:48:03.247 [main] DEBUG org.springframework.test.context.support.AbstractContextLoader - Did not detect default resource location for test class [com.glints.librarymanagement.LibrarymanagementApplicationTests]: class path resource [com/glints/librarymanagement/LibrarymanagementApplicationTestsContext.groovy] does not exist
02:48:03.247 [main] INFO org.springframework.test.context.support.AbstractContextLoader - Could not detect default resource locations for test class [com.glints.librarymanagement.LibrarymanagementApplicationTests]: no resource found for suffixes {-context.xml, Context.groovy}.
02:48:03.248 [main] INFO org.springframework.test.context.support.AnnotationConfigContextLoaderUtils - Could not detect default configuration classes for test class [com.glints.librarymanagement.LibrarymanagementApplicationTests]: LibrarymanagementApplicationTests does not declare any static, non-private, non-final, nested classes annotated with @Configuration.
02:48:03.452 [main] DEBUG org.springframework.test.context.support.ActiveProfilesUtils - Could not find an 'annotation declaring class' for annotation type [org.springframework.test.context.ActiveProfiles] and class [com.glints.librarymanagement.LibrarymanagementApplicationTests]
02:48:03.600 [main] DEBUG org.springframework.test.context.BootstrapUtils - Instantiating CacheAwareContextLoaderDelegate from class [org.springframework.test.context.cache.DefaultCacheAwareContextLoaderDelegate]
02:48:03.600 [main] DEBUG org.springframework.test.context.BootstrapUtils - Instantiating BootstrapContext using constructor [public org.springframework.test.context.support.DefaultBootstrapContext(java.lang.Class,org.springframework.test.context.CacheAwareContextLoaderDelegate)]
02:48:03.601 [main] DEBUG org.springframework.test.context.BootstrapUtils - Instantiating TestContextBootstrapper for test class [com.glints.librarymanagement.LibrarymanagementApplicationTests] from class [org.springframework.boot.test.context.SpringBootTestContextBootstrapper]
02:48:03.602 [main] INFO org.springframework.boot.test.context.SpringBootTestContextBootstrapper - Neither @ContextConfiguration nor @ContextHierarchy found for test class [com.glints.librarymanagement.LibrarymanagementApplicationTests], using SpringBootContextLoader
02:48:03.602 [main] DEBUG org.springframework.test.context.support.AbstractContextLoader - Did not detect default resource location for test class [com.glints.librarymanagement.LibrarymanagementApplicationTests]: class path resource [com/glints/librarymanagement/LibrarymanagementApplicationTests-context.xml] does not exist
02:48:03.603 [main] DEBUG org.springframework.test.context.support.AbstractContextLoader - Did not detect default resource location for test class [com.glints.librarymanagement.LibrarymanagementApplicationTests]: class path resource [com/glints/librarymanagement/LibrarymanagementApplicationTestsContext.groovy] does not exist
02:48:03.603 [main] INFO org.springframework.test.context.support.AbstractContextLoader - Could not detect default resource locations for test class [com.glints.librarymanagement.LibrarymanagementApplicationTests]: no resource found for suffixes {-context.xml, Context.groovy}.
02:48:03.603 [main] INFO org.springframework.test.context.support.AnnotationConfigContextLoaderUtils - Could not detect default configuration classes for test class [com.glints.librarymanagement.LibrarymanagementApplicationTests]: LibrarymanagementApplicationTests does not declare any static, non-private, non-final, nested classes annotated with @Configuration.
02:48:03.605 [main] DEBUG org.springframework.test.context.support.ActiveProfilesUtils - Could not find an 'annotation declaring class' for annotation type [org.springframework.test.context.ActiveProfiles] and class [com.glints.librarymanagement.LibrarymanagementApplicationTests]
02:48:03.619 [main] DEBUG org.springframework.test.context.BootstrapUtils - Instantiating CacheAwareContextLoaderDelegate from class [org.springframework.test.context.cache.DefaultCacheAwareContextLoaderDelegate]
02:48:03.619 [main] DEBUG org.springframework.test.context.BootstrapUtils - Instantiating BootstrapContext using constructor [public org.springframework.test.context.support.DefaultBootstrapContext(java.lang.Class,org.springframework.test.context.CacheAwareContextLoaderDelegate)]
02:48:03.620 [main] DEBUG org.springframework.test.context.BootstrapUtils - Instantiating TestContextBootstrapper for test class [com.glints.librarymanagement.LibrarymanagementApplicationTests] from class [org.springframework.boot.test.context.SpringBootTestContextBootstrapper]
02:48:03.620 [main] INFO org.springframework.boot.test.context.SpringBootTestContextBootstrapper - Neither @ContextConfiguration nor @ContextHierarchy found for test class [com.glints.librarymanagement.LibrarymanagementApplicationTests], using SpringBootContextLoader
02:48:03.621 [main] DEBUG org.springframework.test.context.support.AbstractContextLoader - Did not detect default resource location for test class [com.glints.librarymanagement.LibrarymanagementApplicationTests]: class path resource [com/glints/librarymanagement/LibrarymanagementApplicationTests-context.xml] does not exist
02:48:03.621 [main] DEBUG org.springframework.test.context.support.AbstractContextLoader - Did not detect default resource location for test class [com.glints.librarymanagement.LibrarymanagementApplicationTests]: class path resource [com/glints/librarymanagement/LibrarymanagementApplicationTestsContext.groovy] does not exist
02:48:03.621 [main] INFO org.springframework.test.context.support.AbstractContextLoader - Could not detect default resource locations for test class [com.glints.librarymanagement.LibrarymanagementApplicationTests]: no resource found for suffixes {-context.xml, Context.groovy}.
02:48:03.621 [main] INFO org.springframework.test.context.support.AnnotationConfigContextLoaderUtils - Could not detect default configuration classes for test class [com.glints.librarymanagement.LibrarymanagementApplicationTests]: LibrarymanagementApplicationTests does not declare any static, non-private, non-final, nested classes annotated with @Configuration.
02:48:03.625 [main] DEBUG org.springframework.test.context.support.ActiveProfilesUtils - Could not find an 'annotation declaring class' for annotation type [org.springframework.test.context.ActiveProfiles] and class [com.glints.librarymanagement.LibrarymanagementApplicationTests]
]]></system-out>
  </testcase>
</testsuite>